<?xml version="1.0" encoding="UTF-8"?>
<?xml-stylesheet type="text/xsl" href="ivy-report.xsl"?>
<ivy-report version="1.0">
	<info
		organisation="test"
		module="test_2.10"
		revision="1.0"
		conf="pom"
		confs="compile, runtime, test, provided, optional, compile-internal, runtime-internal, test-internal, plugin, sources, docs, pom, scala-tool"
		date="20170927163541"/>
	<dependencies>
	</dependencies>
</ivy-report>
